[27-Oct-2015 22:05:41 UTC] PHP Warning:  Illegal string offset 'title' in /home/ubuntu/workspace/displayGames/getGames.php on line 18
[27-Oct-2015 22:05:41 UTC] PHP Stack trace:
[27-Oct-2015 22:05:41 UTC] PHP   1. {main}() /home/ubuntu/workspace/displayGames/getGames.php:0
[27-Oct-2015 22:05:41 UTC] PHP Warning:  Illegal string offset 'description' in /home/ubuntu/workspace/displayGames/getGames.php on line 19
[27-Oct-2015 22:05:41 UTC] PHP Stack trace:
[27-Oct-2015 22:05:41 UTC] PHP   1. {main}() /home/ubuntu/workspace/displayGames/getGames.php:0
[27-Oct-2015 22:05:41 UTC] PHP Warning:  Illegal string offset 'title' in /home/ubuntu/workspace/displayGames/getGames.php on line 18
[27-Oct-2015 22:05:41 UTC] PHP Stack trace:
[27-Oct-2015 22:05:41 UTC] PHP   1. {main}() /home/ubuntu/workspace/displayGames/getGames.php:0
[27-Oct-2015 22:05:41 UTC] PHP Warning:  Illegal string offset 'description' in /home/ubuntu/workspace/displayGames/getGames.php on line 19
[27-Oct-2015 22:05:41 UTC] PHP Stack trace:
[27-Oct-2015 22:05:41 UTC] PHP   1. {main}() /home/ubuntu/workspace/displayGames/getGames.php:0
[27-Oct-2015 22:05:41 UTC] PHP Warning:  Illegal string offset 'title' in /home/ubuntu/workspace/displayGames/getGames.php on line 18
[27-Oct-2015 22:05:41 UTC] PHP Stack trace:
[27-Oct-2015 22:05:41 UTC] PHP   1. {main}() /home/ubuntu/workspace/displayGames/getGames.php:0
[27-Oct-2015 22:05:41 UTC] PHP Warning:  Illegal string offset 'description' in /home/ubuntu/workspace/displayGames/getGames.php on line 19
[27-Oct-2015 22:05:41 UTC] PHP Stack trace:
[27-Oct-2015 22:05:41 UTC] PHP   1. {main}() /home/ubuntu/workspace/displayGames/getGames.php:0
[27-Oct-2015 22:05:41 UTC] PHP Warning:  Illegal string offset 'title' in /home/ubuntu/workspace/displayGames/getGames.php on line 18
[27-Oct-2015 22:05:41 UTC] PHP Stack trace:
[27-Oct-2015 22:05:41 UTC] PHP   1. {main}() /home/ubuntu/workspace/displayGames/getGames.php:0
[27-Oct-2015 22:05:41 UTC] PHP Warning:  Illegal string offset 'description' in /home/ubuntu/workspace/displayGames/getGames.php on line 19
[27-Oct-2015 22:05:41 UTC] PHP Stack trace:
[27-Oct-2015 22:05:41 UTC] PHP   1. {main}() /home/ubuntu/workspace/displayGames/getGames.php:0
[27-Oct-2015 22:05:41 UTC] PHP Warning:  Illegal string offset 'title' in /home/ubuntu/workspace/displayGames/getGames.php on line 18
[27-Oct-2015 22:05:41 UTC] PHP Stack trace:
[27-Oct-2015 22:05:41 UTC] PHP   1. {main}() /home/ubuntu/workspace/displayGames/getGames.php:0
[27-Oct-2015 22:05:41 UTC] PHP Warning:  Illegal string offset 'description' in /home/ubuntu/workspace/displayGames/getGames.php on line 19
[27-Oct-2015 22:05:41 UTC] PHP Stack trace:
[27-Oct-2015 22:05:41 UTC] PHP   1. {main}() /home/ubuntu/workspace/displayGames/getGames.php:0
[27-Oct-2015 22:05:41 UTC] PHP Warning:  Illegal string offset 'title' in /home/ubuntu/workspace/displayGames/getGames.php on line 18
[27-Oct-2015 22:05:41 UTC] PHP Stack trace:
[27-Oct-2015 22:05:41 UTC] PHP   1. {main}() /home/ubuntu/workspace/displayGames/getGames.php:0
[27-Oct-2015 22:05:41 UTC] PHP Warning:  Illegal string offset 'description' in /home/ubuntu/workspace/displayGames/getGames.php on line 19
[27-Oct-2015 22:05:41 UTC] PHP Stack trace:
[27-Oct-2015 22:05:41 UTC] PHP   1. {main}() /home/ubuntu/workspace/displayGames/getGames.php:0
[27-Oct-2015 22:05:41 UTC] PHP Warning:  Illegal string offset 'title' in /home/ubuntu/workspace/displayGames/getGames.php on line 18
[27-Oct-2015 22:05:41 UTC] PHP Stack trace:
[27-Oct-2015 22:05:41 UTC] PHP   1. {main}() /home/ubuntu/workspace/displayGames/getGames.php:0
[27-Oct-2015 22:05:41 UTC] PHP Warning:  Illegal string offset 'description' in /home/ubuntu/workspace/displayGames/getGames.php on line 19
[27-Oct-2015 22:05:41 UTC] PHP Stack trace:
[27-Oct-2015 22:05:41 UTC] PHP   1. {main}() /home/ubuntu/workspace/displayGames/getGames.php:0
[27-Oct-2015 22:05:41 UTC] PHP Warning:  Illegal string offset 'title' in /home/ubuntu/workspace/displayGames/getGames.php on line 18
[27-Oct-2015 22:05:41 UTC] PHP Stack trace:
[27-Oct-2015 22:05:41 UTC] PHP   1. {main}() /home/ubuntu/workspace/displayGames/getGames.php:0
[27-Oct-2015 22:05:41 UTC] PHP Warning:  Illegal string offset 'description' in /home/ubuntu/workspace/displayGames/getGames.php on line 19
[27-Oct-2015 22:05:41 UTC] PHP Stack trace:
[27-Oct-2015 22:05:41 UTC] PHP   1. {main}() /home/ubuntu/workspace/displayGames/getGames.php:0
[27-Oct-2015 22:05:41 UTC] PHP Warning:  Illegal string offset 'title' in /home/ubuntu/workspace/displayGames/getGames.php on line 18
[27-Oct-2015 22:05:41 UTC] PHP Stack trace:
[27-Oct-2015 22:05:41 UTC] PHP   1. {main}() /home/ubuntu/workspace/displayGames/getGames.php:0
[27-Oct-2015 22:05:41 UTC] PHP Warning:  Illegal string offset 'description' in /home/ubuntu/workspace/displayGames/getGames.php on line 19
[27-Oct-2015 22:05:41 UTC] PHP Stack trace:
[27-Oct-2015 22:05:41 UTC] PHP   1. {main}() /home/ubuntu/workspace/displayGames/getGames.php:0
[27-Oct-2015 22:05:41 UTC] PHP Warning:  Illegal string offset 'title' in /home/ubuntu/workspace/displayGames/getGames.php on line 18
[27-Oct-2015 22:05:41 UTC] PHP Stack trace:
[27-Oct-2015 22:05:41 UTC] PHP   1. {main}() /home/ubuntu/workspace/displayGames/getGames.php:0
[27-Oct-2015 22:05:41 UTC] PHP Warning:  Illegal string offset 'description' in /home/ubuntu/workspace/displayGames/getGames.php on line 19
[27-Oct-2015 22:05:41 UTC] PHP Stack trace:
[27-Oct-2015 22:05:41 UTC] PHP   1. {main}() /home/ubuntu/workspace/displayGames/getGames.php:0
[27-Oct-2015 22:05:41 UTC] PHP Warning:  Illegal string offset 'title' in /home/ubuntu/workspace/displayGames/getGames.php on line 18
[27-Oct-2015 22:05:41 UTC] PHP Stack trace:
[27-Oct-2015 22:05:41 UTC] PHP   1. {main}() /home/ubuntu/workspace/displayGames/getGames.php:0
[27-Oct-2015 22:05:41 UTC] PHP Warning:  Illegal string offset 'description' in /home/ubuntu/workspace/displayGames/getGames.php on line 19
[27-Oct-2015 22:05:41 UTC] PHP Stack trace:
[27-Oct-2015 22:05:41 UTC] PHP   1. {main}() /home/ubuntu/workspace/displayGames/getGames.php:0
[27-Oct-2015 22:05:41 UTC] PHP Warning:  Illegal string offset 'title' in /home/ubuntu/workspace/displayGames/getGames.php on line 18
[27-Oct-2015 22:05:41 UTC] PHP Stack trace:
[27-Oct-2015 22:05:41 UTC] PHP   1. {main}() /home/ubuntu/workspace/displayGames/getGames.php:0
[27-Oct-2015 22:05:41 UTC] PHP Warning:  Illegal string offset 'description' in /home/ubuntu/workspace/displayGames/getGames.php on line 19
[27-Oct-2015 22:05:41 UTC] PHP Stack trace:
[27-Oct-2015 22:05:41 UTC] PHP   1. {main}() /home/ubuntu/workspace/displayGames/getGames.php:0
[27-Oct-2015 22:05:41 UTC] PHP Warning:  Illegal string offset 'title' in /home/ubuntu/workspace/displayGames/getGames.php on line 18
[27-Oct-2015 22:05:41 UTC] PHP Stack trace:
[27-Oct-2015 22:05:41 UTC] PHP   1. {main}() /home/ubuntu/workspace/displayGames/getGames.php:0
[27-Oct-2015 22:05:41 UTC] PHP Warning:  Illegal string offset 'description' in /home/ubuntu/workspace/displayGames/getGames.php on line 19
[27-Oct-2015 22:05:41 UTC] PHP Stack trace:
[27-Oct-2015 22:05:41 UTC] PHP   1. {main}() /home/ubuntu/workspace/displayGames/getGames.php:0
[27-Oct-2015 22:05:41 UTC] PHP Warning:  Illegal string offset 'title' in /home/ubuntu/workspace/displayGames/getGames.php on line 18
[27-Oct-2015 22:05:41 UTC] PHP Stack trace:
[27-Oct-2015 22:05:41 UTC] PHP   1. {main}() /home/ubuntu/workspace/displayGames/getGames.php:0
[27-Oct-2015 22:05:41 UTC] PHP Warning:  Illegal string offset 'description' in /home/ubuntu/workspace/displayGames/getGames.php on line 19
[27-Oct-2015 22:05:41 UTC] PHP Stack trace:
[27-Oct-2015 22:05:41 UTC] PHP   1. {main}() /home/ubuntu/workspace/displayGames/getGames.php:0
[27-Oct-2015 22:05:41 UTC] PHP Warning:  Illegal string offset 'title' in /home/ubuntu/workspace/displayGames/getGames.php on line 18
[27-Oct-2015 22:05:41 UTC] PHP Stack trace:
[27-Oct-2015 22:05:41 UTC] PHP   1. {main}() /home/ubuntu/workspace/displayGames/getGames.php:0
[27-Oct-2015 22:05:41 UTC] PHP Warning:  Illegal string offset 'description' in /home/ubuntu/workspace/displayGames/getGames.php on line 19
[27-Oct-2015 22:05:41 UTC] PHP Stack trace:
[27-Oct-2015 22:05:41 UTC] PHP   1. {main}() /home/ubuntu/workspace/displayGames/getGames.php:0
[27-Oct-2015 22:05:41 UTC] PHP Warning:  Illegal string offset 'title' in /home/ubuntu/workspace/displayGames/getGames.php on line 18
[27-Oct-2015 22:05:41 UTC] PHP Stack trace:
[27-Oct-2015 22:05:41 UTC] PHP   1. {main}() /home/ubuntu/workspace/displayGames/getGames.php:0
[27-Oct-2015 22:05:41 UTC] PHP Warning:  Illegal string offset 'description' in /home/ubuntu/workspace/displayGames/getGames.php on line 19
[27-Oct-2015 22:05:41 UTC] PHP Stack trace:
[27-Oct-2015 22:05:41 UTC] PHP   1. {main}() /home/ubuntu/workspace/displayGames/getGames.php:0
[27-Oct-2015 22:06:07 UTC] PHP Warning:  Illegal string offset 'title' in /home/ubuntu/workspace/displayGames/getGames.php on line 19
[27-Oct-2015 22:06:07 UTC] PHP Stack trace:
[27-Oct-2015 22:06:07 UTC] PHP   1. {main}() /home/ubuntu/workspace/displayGames/getGames.php:0
[27-Oct-2015 22:06:07 UTC] PHP Warning:  Illegal string offset 'description' in /home/ubuntu/workspace/displayGames/getGames.php on line 20
[27-Oct-2015 22:06:07 UTC] PHP Stack trace:
[27-Oct-2015 22:06:07 UTC] PHP   1. {main}() /home/ubuntu/workspace/displayGames/getGames.php:0
[27-Oct-2015 22:06:07 UTC] PHP Warning:  Illegal string offset 'title' in /home/ubuntu/workspace/displayGames/getGames.php on line 19
[27-Oct-2015 22:06:07 UTC] PHP Stack trace:
[27-Oct-2015 22:06:07 UTC] PHP   1. {main}() /home/ubuntu/workspace/displayGames/getGames.php:0
[27-Oct-2015 22:06:07 UTC] PHP Warning:  Illegal string offset 'description' in /home/ubuntu/workspace/displayGames/getGames.php on line 20
[27-Oct-2015 22:06:07 UTC] PHP Stack trace:
[27-Oct-2015 22:06:07 UTC] PHP   1. {main}() /home/ubuntu/workspace/displayGames/getGames.php:0
[27-Oct-2015 22:06:07 UTC] PHP Warning:  Illegal string offset 'title' in /home/ubuntu/workspace/displayGames/getGames.php on line 19
[27-Oct-2015 22:06:07 UTC] PHP Stack trace:
[27-Oct-2015 22:06:07 UTC] PHP   1. {main}() /home/ubuntu/workspace/displayGames/getGames.php:0
[27-Oct-2015 22:06:07 UTC] PHP Warning:  Illegal string offset 'description' in /home/ubuntu/workspace/displayGames/getGames.php on line 20
[27-Oct-2015 22:06:07 UTC] PHP Stack trace:
[27-Oct-2015 22:06:07 UTC] PHP   1. {main}() /home/ubuntu/workspace/displayGames/getGames.php:0
[27-Oct-2015 22:06:07 UTC] PHP Warning:  Illegal string offset 'title' in /home/ubuntu/workspace/displayGames/getGames.php on line 19
[27-Oct-2015 22:06:07 UTC] PHP Stack trace:
[27-Oct-2015 22:06:07 UTC] PHP   1. {main}() /home/ubuntu/workspace/displayGames/getGames.php:0
[27-Oct-2015 22:06:07 UTC] PHP Warning:  Illegal string offset 'description' in /home/ubuntu/workspace/displayGames/getGames.php on line 20
[27-Oct-2015 22:06:07 UTC] PHP Stack trace:
[27-Oct-2015 22:06:07 UTC] PHP   1. {main}() /home/ubuntu/workspace/displayGames/getGames.php:0
[27-Oct-2015 22:06:07 UTC] PHP Warning:  Illegal string offset 'title' in /home/ubuntu/workspace/displayGames/getGames.php on line 19
[27-Oct-2015 22:06:07 UTC] PHP Stack trace:
[27-Oct-2015 22:06:07 UTC] PHP   1. {main}() /home/ubuntu/workspace/displayGames/getGames.php:0
[27-Oct-2015 22:06:07 UTC] PHP Warning:  Illegal string offset 'description' in /home/ubuntu/workspace/displayGames/getGames.php on line 20
[27-Oct-2015 22:06:07 UTC] PHP Stack trace:
[27-Oct-2015 22:06:07 UTC] PHP   1. {main}() /home/ubuntu/workspace/displayGames/getGames.php:0
[27-Oct-2015 22:06:07 UTC] PHP Warning:  Illegal string offset 'title' in /home/ubuntu/workspace/displayGames/getGames.php on line 19
[27-Oct-2015 22:06:07 UTC] PHP Stack trace:
[27-Oct-2015 22:06:07 UTC] PHP   1. {main}() /home/ubuntu/workspace/displayGames/getGames.php:0
[27-Oct-2015 22:06:07 UTC] PHP Warning:  Illegal string offset 'description' in /home/ubuntu/workspace/displayGames/getGames.php on line 20
[27-Oct-2015 22:06:07 UTC] PHP Stack trace:
[27-Oct-2015 22:06:07 UTC] PHP   1. {main}() /home/ubuntu/workspace/displayGames/getGames.php:0
[27-Oct-2015 22:06:07 UTC] PHP Warning:  Illegal string offset 'title' in /home/ubuntu/workspace/displayGames/getGames.php on line 19
[27-Oct-2015 22:06:07 UTC] PHP Stack trace:
[27-Oct-2015 22:06:07 UTC] PHP   1. {main}() /home/ubuntu/workspace/displayGames/getGames.php:0
[27-Oct-2015 22:06:07 UTC] PHP Warning:  Illegal string offset 'description' in /home/ubuntu/workspace/displayGames/getGames.php on line 20
[27-Oct-2015 22:06:07 UTC] PHP Stack trace:
[27-Oct-2015 22:06:07 UTC] PHP   1. {main}() /home/ubuntu/workspace/displayGames/getGames.php:0
[27-Oct-2015 22:06:07 UTC] PHP Warning:  Illegal string offset 'title' in /home/ubuntu/workspace/displayGames/getGames.php on line 19
[27-Oct-2015 22:06:07 UTC] PHP Stack trace:
[27-Oct-2015 22:06:07 UTC] PHP   1. {main}() /home/ubuntu/workspace/displayGames/getGames.php:0
[27-Oct-2015 22:06:07 UTC] PHP Warning:  Illegal string offset 'description' in /home/ubuntu/workspace/displayGames/getGames.php on line 20
[27-Oct-2015 22:06:07 UTC] PHP Stack trace:
[27-Oct-2015 22:06:07 UTC] PHP   1. {main}() /home/ubuntu/workspace/displayGames/getGames.php:0
[27-Oct-2015 22:06:07 UTC] PHP Warning:  Illegal string offset 'title' in /home/ubuntu/workspace/displayGames/getGames.php on line 19
[27-Oct-2015 22:06:07 UTC] PHP Stack trace:
[27-Oct-2015 22:06:07 UTC] PHP   1. {main}() /home/ubuntu/workspace/displayGames/getGames.php:0
[27-Oct-2015 22:06:07 UTC] PHP Warning:  Illegal string offset 'description' in /home/ubuntu/workspace/displayGames/getGames.php on line 20
[27-Oct-2015 22:06:07 UTC] PHP Stack trace:
[27-Oct-2015 22:06:07 UTC] PHP   1. {main}() /home/ubuntu/workspace/displayGames/getGames.php:0
[27-Oct-2015 22:06:07 UTC] PHP Warning:  Illegal string offset 'title' in /home/ubuntu/workspace/displayGames/getGames.php on line 19
[27-Oct-2015 22:06:07 UTC] PHP Stack trace:
[27-Oct-2015 22:06:07 UTC] PHP   1. {main}() /home/ubuntu/workspace/displayGames/getGames.php:0
[27-Oct-2015 22:06:07 UTC] PHP Warning:  Illegal string offset 'description' in /home/ubuntu/workspace/displayGames/getGames.php on line 20
[27-Oct-2015 22:06:07 UTC] PHP Stack trace:
[27-Oct-2015 22:06:07 UTC] PHP   1. {main}() /home/ubuntu/workspace/displayGames/getGames.php:0
[27-Oct-2015 22:06:07 UTC] PHP Warning:  Illegal string offset 'title' in /home/ubuntu/workspace/displayGames/getGames.php on line 19
[27-Oct-2015 22:06:07 UTC] PHP Stack trace:
[27-Oct-2015 22:06:07 UTC] PHP   1. {main}() /home/ubuntu/workspace/displayGames/getGames.php:0
[27-Oct-2015 22:06:07 UTC] PHP Warning:  Illegal string offset 'description' in /home/ubuntu/workspace/displayGames/getGames.php on line 20
[27-Oct-2015 22:06:07 UTC] PHP Stack trace:
[27-Oct-2015 22:06:07 UTC] PHP   1. {main}() /home/ubuntu/workspace/displayGames/getGames.php:0
[27-Oct-2015 22:06:07 UTC] PHP Warning:  Illegal string offset 'title' in /home/ubuntu/workspace/displayGames/getGames.php on line 19
[27-Oct-2015 22:06:07 UTC] PHP Stack trace:
[27-Oct-2015 22:06:07 UTC] PHP   1. {main}() /home/ubuntu/workspace/displayGames/getGames.php:0
[27-Oct-2015 22:06:07 UTC] PHP Warning:  Illegal string offset 'description' in /home/ubuntu/workspace/displayGames/getGames.php on line 20
[27-Oct-2015 22:06:07 UTC] PHP Stack trace:
[27-Oct-2015 22:06:07 UTC] PHP   1. {main}() /home/ubuntu/workspace/displayGames/getGames.php:0
[27-Oct-2015 22:06:07 UTC] PHP Warning:  Illegal string offset 'title' in /home/ubuntu/workspace/displayGames/getGames.php on line 19
[27-Oct-2015 22:06:07 UTC] PHP Stack trace:
[27-Oct-2015 22:06:07 UTC] PHP   1. {main}() /home/ubuntu/workspace/displayGames/getGames.php:0
[27-Oct-2015 22:06:07 UTC] PHP Warning:  Illegal string offset 'description' in /home/ubuntu/workspace/displayGames/getGames.php on line 20
[27-Oct-2015 22:06:07 UTC] PHP Stack trace:
[27-Oct-2015 22:06:07 UTC] PHP   1. {main}() /home/ubuntu/workspace/displayGames/getGames.php:0
[27-Oct-2015 22:06:07 UTC] PHP Warning:  Illegal string offset 'title' in /home/ubuntu/workspace/displayGames/getGames.php on line 19
[27-Oct-2015 22:06:07 UTC] PHP Stack trace:
[27-Oct-2015 22:06:07 UTC] PHP   1. {main}() /home/ubuntu/workspace/displayGames/getGames.php:0
[27-Oct-2015 22:06:07 UTC] PHP Warning:  Illegal string offset 'description' in /home/ubuntu/workspace/displayGames/getGames.php on line 20
[27-Oct-2015 22:06:07 UTC] PHP Stack trace:
[27-Oct-2015 22:06:07 UTC] PHP   1. {main}() /home/ubuntu/workspace/displayGames/getGames.php:0
[27-Oct-2015 22:06:07 UTC] PHP Warning:  Illegal string offset 'title' in /home/ubuntu/workspace/displayGames/getGames.php on line 19
[27-Oct-2015 22:06:07 UTC] PHP Stack trace:
[27-Oct-2015 22:06:07 UTC] PHP   1. {main}() /home/ubuntu/workspace/displayGames/getGames.php:0
[27-Oct-2015 22:06:07 UTC] PHP Warning:  Illegal string offset 'description' in /home/ubuntu/workspace/displayGames/getGames.php on line 20
[27-Oct-2015 22:06:07 UTC] PHP Stack trace:
[27-Oct-2015 22:06:07 UTC] PHP   1. {main}() /home/ubuntu/workspace/displayGames/getGames.php:0
[27-Oct-2015 22:06:07 UTC] PHP Warning:  Illegal string offset 'title' in /home/ubuntu/workspace/displayGames/getGames.php on line 19
[27-Oct-2015 22:06:07 UTC] PHP Stack trace:
[27-Oct-2015 22:06:07 UTC] PHP   1. {main}() /home/ubuntu/workspace/displayGames/getGames.php:0
[27-Oct-2015 22:06:07 UTC] PHP Warning:  Illegal string offset 'description' in /home/ubuntu/workspace/displayGames/getGames.php on line 20
[27-Oct-2015 22:06:07 UTC] PHP Stack trace:
[27-Oct-2015 22:06:07 UTC] PHP   1. {main}() /home/ubuntu/workspace/displayGames/getGames.php:0
[27-Oct-2015 22:08:18 UTC] PHP Warning:  include_once(/connect.php): failed to open stream: No such file or directory in /home/ubuntu/workspace/displayGames/getGames.php on line 3
[27-Oct-2015 22:08:18 UTC] PHP Stack trace:
[27-Oct-2015 22:08:18 UTC] PHP   1. {main}() /home/ubuntu/workspace/displayGames/getGames.php:0
[27-Oct-2015 22:08:18 UTC] PHP Warning:  include_once(): Failed opening '/connect.php' for inclusion (include_path='.:/usr/share/php:/usr/share/pear') in /home/ubuntu/workspace/displayGames/getGames.php on line 3
[27-Oct-2015 22:08:18 UTC] PHP Stack trace:
[27-Oct-2015 22:08:18 UTC] PHP   1. {main}() /home/ubuntu/workspace/displayGames/getGames.php:0
[27-Oct-2015 22:08:18 UTC] PHP Fatal error:  Call to a member function query() on a non-object in /home/ubuntu/workspace/displayGames/getGames.php on line 9
[27-Oct-2015 22:08:18 UTC] PHP Stack trace:
[27-Oct-2015 22:08:18 UTC] PHP   1. {main}() /home/ubuntu/workspace/displayGames/getGames.php:0
[27-Oct-2015 22:08:19 UTC] PHP Warning:  include_once(/connect.php): failed to open stream: No such file or directory in /home/ubuntu/workspace/displayGames/getGames.php on line 3
[27-Oct-2015 22:08:19 UTC] PHP Stack trace:
[27-Oct-2015 22:08:19 UTC] PHP   1. {main}() /home/ubuntu/workspace/displayGames/getGames.php:0
[27-Oct-2015 22:08:19 UTC] PHP Warning:  include_once(): Failed opening '/connect.php' for inclusion (include_path='.:/usr/share/php:/usr/share/pear') in /home/ubuntu/workspace/displayGames/getGames.php on line 3
[27-Oct-2015 22:08:19 UTC] PHP Stack trace:
[27-Oct-2015 22:08:19 UTC] PHP   1. {main}() /home/ubuntu/workspace/displayGames/getGames.php:0
[27-Oct-2015 22:08:19 UTC] PHP Fatal error:  Call to a member function query() on a non-object in /home/ubuntu/workspace/displayGames/getGames.php on line 9
[27-Oct-2015 22:08:19 UTC] PHP Stack trace:
[27-Oct-2015 22:08:19 UTC] PHP   1. {main}() /home/ubuntu/workspace/displayGames/getGames.php:0
[27-Oct-2015 22:09:03 UTC] PHP Warning:  include_once(~/workspace/connect.php): failed to open stream: No such file or directory in /home/ubuntu/workspace/displayGames/getGames.php on line 3
[27-Oct-2015 22:09:03 UTC] PHP Stack trace:
[27-Oct-2015 22:09:03 UTC] PHP   1. {main}() /home/ubuntu/workspace/displayGames/getGames.php:0
[27-Oct-2015 22:09:03 UTC] PHP Warning:  include_once(): Failed opening '~/workspace/connect.php' for inclusion (include_path='.:/usr/share/php:/usr/share/pear') in /home/ubuntu/workspace/displayGames/getGames.php on line 3
[27-Oct-2015 22:09:03 UTC] PHP Stack trace:
[27-Oct-2015 22:09:03 UTC] PHP   1. {main}() /home/ubuntu/workspace/displayGames/getGames.php:0
[27-Oct-2015 22:09:03 UTC] PHP Fatal error:  Call to a member function query() on a non-object in /home/ubuntu/workspace/displayGames/getGames.php on line 9
[27-Oct-2015 22:09:03 UTC] PHP Stack trace:
[27-Oct-2015 22:09:03 UTC] PHP   1. {main}() /home/ubuntu/workspace/displayGames/getGames.php:0
