[29-Nov-2015 03:15:02 UTC] PHP Fatal error:  Class 'User' not found in /home/ubuntu/workspace/v0.4/public_html/ajax/login.php on line 12
[29-Nov-2015 03:15:02 UTC] PHP Stack trace:
[29-Nov-2015 03:15:02 UTC] PHP   1. {main}() /home/ubuntu/workspace/v0.4/public_html/ajax/login.php:0
[29-Nov-2015 05:23:37 UTC] PHP Fatal error:  Uncaught exception 'Exception' with message 'The class `USER` was not found in the /home/ubuntu/workspace/v0.4/resources/library/classes directory.<br>
                             Please try a different class, or create a new class' in /home/ubuntu/workspace/v0.4/resources/config.php:35
Stack trace:
#0 [internal function]: autoload_classes('USER')
#1 /home/ubuntu/workspace/v0.4/public_html/ajax/register.php(21): spl_autoload_call('USER')
#2 {main}
  thrown in /home/ubuntu/workspace/v0.4/resources/config.php on line 35
[29-Nov-2015 05:31:33 UTC] PHP Fatal error:  Call to undefined function is_empty() in /home/ubuntu/workspace/v0.4/public_html/ajax/register.php on line 8
[29-Nov-2015 05:31:33 UTC] PHP Stack trace:
[29-Nov-2015 05:31:33 UTC] PHP   1. {main}() /home/ubuntu/workspace/v0.4/public_html/ajax/register.php:0
[29-Nov-2015 23:19:10 UTC] PHP Notice:  Undefined index: password in /home/ubuntu/workspace/v0.4/resources/library/classes/User.class.php on line 90
[29-Nov-2015 23:19:10 UTC] PHP Stack trace:
[29-Nov-2015 23:19:10 UTC] PHP   1. {main}() /home/ubuntu/workspace/v0.4/public_html/ajax/new_deck.php:0
[29-Nov-2015 23:19:10 UTC] PHP   2. User::newUser() /home/ubuntu/workspace/v0.4/public_html/ajax/new_deck.php:25
[29-Nov-2015 23:19:10 UTC] PHP Notice:  Undefined index: confirmpassword in /home/ubuntu/workspace/v0.4/resources/library/classes/User.class.php on line 90
[29-Nov-2015 23:19:10 UTC] PHP Stack trace:
[29-Nov-2015 23:19:10 UTC] PHP   1. {main}() /home/ubuntu/workspace/v0.4/public_html/ajax/new_deck.php:0
[29-Nov-2015 23:19:10 UTC] PHP   2. User::newUser() /home/ubuntu/workspace/v0.4/public_html/ajax/new_deck.php:25
[29-Nov-2015 23:19:10 UTC] PHP Notice:  Undefined index: username in /home/ubuntu/workspace/v0.4/resources/library/classes/User.class.php on line 97
[29-Nov-2015 23:19:10 UTC] PHP Stack trace:
[29-Nov-2015 23:19:10 UTC] PHP   1. {main}() /home/ubuntu/workspace/v0.4/public_html/ajax/new_deck.php:0
[29-Nov-2015 23:19:10 UTC] PHP   2. User::newUser() /home/ubuntu/workspace/v0.4/public_html/ajax/new_deck.php:25
[29-Nov-2015 23:19:10 UTC] PHP Notice:  Undefined index: password in /home/ubuntu/workspace/v0.4/resources/library/classes/User.class.php on line 105
[29-Nov-2015 23:19:10 UTC] PHP Stack trace:
[29-Nov-2015 23:19:10 UTC] PHP   1. {main}() /home/ubuntu/workspace/v0.4/public_html/ajax/new_deck.php:0
[29-Nov-2015 23:19:10 UTC] PHP   2. User::newUser() /home/ubuntu/workspace/v0.4/public_html/ajax/new_deck.php:25
[29-Nov-2015 23:19:10 UTC] PHP Notice:  Undefined index: username in /home/ubuntu/workspace/v0.4/resources/library/classes/User.class.php on line 110
[29-Nov-2015 23:19:10 UTC] PHP Stack trace:
[29-Nov-2015 23:19:10 UTC] PHP   1. {main}() /home/ubuntu/workspace/v0.4/public_html/ajax/new_deck.php:0
[29-Nov-2015 23:19:10 UTC] PHP   2. User::newUser() /home/ubuntu/workspace/v0.4/public_html/ajax/new_deck.php:25
[29-Nov-2015 23:19:10 UTC] PHP Notice:  Undefined index: fname in /home/ubuntu/workspace/v0.4/resources/library/classes/User.class.php on line 112
[29-Nov-2015 23:19:10 UTC] PHP Stack trace:
[29-Nov-2015 23:19:10 UTC] PHP   1. {main}() /home/ubuntu/workspace/v0.4/public_html/ajax/new_deck.php:0
[29-Nov-2015 23:19:10 UTC] PHP   2. User::newUser() /home/ubuntu/workspace/v0.4/public_html/ajax/new_deck.php:25
[29-Nov-2015 23:19:10 UTC] PHP Notice:  Undefined index: lname in /home/ubuntu/workspace/v0.4/resources/library/classes/User.class.php on line 113
[29-Nov-2015 23:19:10 UTC] PHP Stack trace:
[29-Nov-2015 23:19:10 UTC] PHP   1. {main}() /home/ubuntu/workspace/v0.4/public_html/ajax/new_deck.php:0
[29-Nov-2015 23:19:10 UTC] PHP   2. User::newUser() /home/ubuntu/workspace/v0.4/public_html/ajax/new_deck.php:25
[29-Nov-2015 23:19:10 UTC] PHP Notice:  Undefined index: copename in /home/ubuntu/workspace/v0.4/resources/library/classes/User.class.php on line 114
[29-Nov-2015 23:19:10 UTC] PHP Stack trace:
[29-Nov-2015 23:19:10 UTC] PHP   1. {main}() /home/ubuntu/workspace/v0.4/public_html/ajax/new_deck.php:0
[29-Nov-2015 23:19:10 UTC] PHP   2. User::newUser() /home/ubuntu/workspace/v0.4/public_html/ajax/new_deck.php:25
[29-Nov-2015 23:19:59 UTC] PHP Notice:  Undefined index: password in /home/ubuntu/workspace/v0.4/resources/library/classes/User.class.php on line 90
[29-Nov-2015 23:19:59 UTC] PHP Stack trace:
[29-Nov-2015 23:19:59 UTC] PHP   1. {main}() /home/ubuntu/workspace/v0.4/public_html/ajax/new_deck.php:0
[29-Nov-2015 23:19:59 UTC] PHP   2. User::newUser() /home/ubuntu/workspace/v0.4/public_html/ajax/new_deck.php:25
[29-Nov-2015 23:19:59 UTC] PHP Notice:  Undefined index: confirmpassword in /home/ubuntu/workspace/v0.4/resources/library/classes/User.class.php on line 90
[29-Nov-2015 23:19:59 UTC] PHP Stack trace:
[29-Nov-2015 23:19:59 UTC] PHP   1. {main}() /home/ubuntu/workspace/v0.4/public_html/ajax/new_deck.php:0
[29-Nov-2015 23:19:59 UTC] PHP   2. User::newUser() /home/ubuntu/workspace/v0.4/public_html/ajax/new_deck.php:25
[29-Nov-2015 23:19:59 UTC] PHP Notice:  Undefined index: username in /home/ubuntu/workspace/v0.4/resources/library/classes/User.class.php on line 97
[29-Nov-2015 23:19:59 UTC] PHP Stack trace:
[29-Nov-2015 23:19:59 UTC] PHP   1. {main}() /home/ubuntu/workspace/v0.4/public_html/ajax/new_deck.php:0
[29-Nov-2015 23:19:59 UTC] PHP   2. User::newUser() /home/ubuntu/workspace/v0.4/public_html/ajax/new_deck.php:25
[29-Nov-2015 23:19:59 UTC] PHP Notice:  Undefined index: password in /home/ubuntu/workspace/v0.4/resources/library/classes/User.class.php on line 105
[29-Nov-2015 23:19:59 UTC] PHP Stack trace:
[29-Nov-2015 23:19:59 UTC] PHP   1. {main}() /home/ubuntu/workspace/v0.4/public_html/ajax/new_deck.php:0
[29-Nov-2015 23:19:59 UTC] PHP   2. User::newUser() /home/ubuntu/workspace/v0.4/public_html/ajax/new_deck.php:25
[29-Nov-2015 23:19:59 UTC] PHP Notice:  Undefined index: username in /home/ubuntu/workspace/v0.4/resources/library/classes/User.class.php on line 110
[29-Nov-2015 23:19:59 UTC] PHP Stack trace:
[29-Nov-2015 23:19:59 UTC] PHP   1. {main}() /home/ubuntu/workspace/v0.4/public_html/ajax/new_deck.php:0
[29-Nov-2015 23:19:59 UTC] PHP   2. User::newUser() /home/ubuntu/workspace/v0.4/public_html/ajax/new_deck.php:25
[29-Nov-2015 23:19:59 UTC] PHP Notice:  Undefined index: fname in /home/ubuntu/workspace/v0.4/resources/library/classes/User.class.php on line 112
[29-Nov-2015 23:19:59 UTC] PHP Stack trace:
[29-Nov-2015 23:19:59 UTC] PHP   1. {main}() /home/ubuntu/workspace/v0.4/public_html/ajax/new_deck.php:0
[29-Nov-2015 23:19:59 UTC] PHP   2. User::newUser() /home/ubuntu/workspace/v0.4/public_html/ajax/new_deck.php:25
[29-Nov-2015 23:19:59 UTC] PHP Notice:  Undefined index: lname in /home/ubuntu/workspace/v0.4/resources/library/classes/User.class.php on line 113
[29-Nov-2015 23:19:59 UTC] PHP Stack trace:
[29-Nov-2015 23:19:59 UTC] PHP   1. {main}() /home/ubuntu/workspace/v0.4/public_html/ajax/new_deck.php:0
[29-Nov-2015 23:19:59 UTC] PHP   2. User::newUser() /home/ubuntu/workspace/v0.4/public_html/ajax/new_deck.php:25
[29-Nov-2015 23:19:59 UTC] PHP Notice:  Undefined index: copename in /home/ubuntu/workspace/v0.4/resources/library/classes/User.class.php on line 114
[29-Nov-2015 23:19:59 UTC] PHP Stack trace:
[29-Nov-2015 23:19:59 UTC] PHP   1. {main}() /home/ubuntu/workspace/v0.4/public_html/ajax/new_deck.php:0
[29-Nov-2015 23:19:59 UTC] PHP   2. User::newUser() /home/ubuntu/workspace/v0.4/public_html/ajax/new_deck.php:25
[29-Nov-2015 23:20:59 UTC] PHP Notice:  Undefined index: password in /home/ubuntu/workspace/v0.4/resources/library/classes/User.class.php on line 90
[29-Nov-2015 23:20:59 UTC] PHP Stack trace:
[29-Nov-2015 23:20:59 UTC] PHP   1. {main}() /home/ubuntu/workspace/v0.4/public_html/ajax/new_deck.php:0
[29-Nov-2015 23:20:59 UTC] PHP   2. User::newUser() /home/ubuntu/workspace/v0.4/public_html/ajax/new_deck.php:25
[29-Nov-2015 23:20:59 UTC] PHP Notice:  Undefined index: confirmpassword in /home/ubuntu/workspace/v0.4/resources/library/classes/User.class.php on line 90
[29-Nov-2015 23:20:59 UTC] PHP Stack trace:
[29-Nov-2015 23:20:59 UTC] PHP   1. {main}() /home/ubuntu/workspace/v0.4/public_html/ajax/new_deck.php:0
[29-Nov-2015 23:20:59 UTC] PHP   2. User::newUser() /home/ubuntu/workspace/v0.4/public_html/ajax/new_deck.php:25
[29-Nov-2015 23:20:59 UTC] PHP Notice:  Undefined index: username in /home/ubuntu/workspace/v0.4/resources/library/classes/User.class.php on line 97
[29-Nov-2015 23:20:59 UTC] PHP Stack trace:
[29-Nov-2015 23:20:59 UTC] PHP   1. {main}() /home/ubuntu/workspace/v0.4/public_html/ajax/new_deck.php:0
[29-Nov-2015 23:20:59 UTC] PHP   2. User::newUser() /home/ubuntu/workspace/v0.4/public_html/ajax/new_deck.php:25
[29-Nov-2015 23:20:59 UTC] PHP Notice:  Undefined index: password in /home/ubuntu/workspace/v0.4/resources/library/classes/User.class.php on line 105
[29-Nov-2015 23:20:59 UTC] PHP Stack trace:
[29-Nov-2015 23:20:59 UTC] PHP   1. {main}() /home/ubuntu/workspace/v0.4/public_html/ajax/new_deck.php:0
[29-Nov-2015 23:20:59 UTC] PHP   2. User::newUser() /home/ubuntu/workspace/v0.4/public_html/ajax/new_deck.php:25
[29-Nov-2015 23:20:59 UTC] PHP Notice:  Undefined index: username in /home/ubuntu/workspace/v0.4/resources/library/classes/User.class.php on line 110
[29-Nov-2015 23:20:59 UTC] PHP Stack trace:
[29-Nov-2015 23:20:59 UTC] PHP   1. {main}() /home/ubuntu/workspace/v0.4/public_html/ajax/new_deck.php:0
[29-Nov-2015 23:20:59 UTC] PHP   2. User::newUser() /home/ubuntu/workspace/v0.4/public_html/ajax/new_deck.php:25
[29-Nov-2015 23:20:59 UTC] PHP Notice:  Undefined index: fname in /home/ubuntu/workspace/v0.4/resources/library/classes/User.class.php on line 112
[29-Nov-2015 23:20:59 UTC] PHP Stack trace:
[29-Nov-2015 23:20:59 UTC] PHP   1. {main}() /home/ubuntu/workspace/v0.4/public_html/ajax/new_deck.php:0
[29-Nov-2015 23:20:59 UTC] PHP   2. User::newUser() /home/ubuntu/workspace/v0.4/public_html/ajax/new_deck.php:25
[29-Nov-2015 23:20:59 UTC] PHP Notice:  Undefined index: lname in /home/ubuntu/workspace/v0.4/resources/library/classes/User.class.php on line 113
[29-Nov-2015 23:20:59 UTC] PHP Stack trace:
[29-Nov-2015 23:20:59 UTC] PHP   1. {main}() /home/ubuntu/workspace/v0.4/public_html/ajax/new_deck.php:0
[29-Nov-2015 23:20:59 UTC] PHP   2. User::newUser() /home/ubuntu/workspace/v0.4/public_html/ajax/new_deck.php:25
[29-Nov-2015 23:20:59 UTC] PHP Notice:  Undefined index: copename in /home/ubuntu/workspace/v0.4/resources/library/classes/User.class.php on line 114
[29-Nov-2015 23:20:59 UTC] PHP Stack trace:
[29-Nov-2015 23:20:59 UTC] PHP   1. {main}() /home/ubuntu/workspace/v0.4/public_html/ajax/new_deck.php:0
[29-Nov-2015 23:20:59 UTC] PHP   2. User::newUser() /home/ubuntu/workspace/v0.4/public_html/ajax/new_deck.php:25
[29-Nov-2015 23:22:31 UTC] PHP Notice:  Undefined index: password in /home/ubuntu/workspace/v0.4/resources/library/classes/User.class.php on line 90
[29-Nov-2015 23:22:31 UTC] PHP Stack trace:
[29-Nov-2015 23:22:31 UTC] PHP   1. {main}() /home/ubuntu/workspace/v0.4/public_html/ajax/new_deck.php:0
[29-Nov-2015 23:22:31 UTC] PHP   2. User::newUser() /home/ubuntu/workspace/v0.4/public_html/ajax/new_deck.php:25
[29-Nov-2015 23:22:31 UTC] PHP Notice:  Undefined index: confirmpassword in /home/ubuntu/workspace/v0.4/resources/library/classes/User.class.php on line 90
[29-Nov-2015 23:22:31 UTC] PHP Stack trace:
[29-Nov-2015 23:22:31 UTC] PHP   1. {main}() /home/ubuntu/workspace/v0.4/public_html/ajax/new_deck.php:0
[29-Nov-2015 23:22:31 UTC] PHP   2. User::newUser() /home/ubuntu/workspace/v0.4/public_html/ajax/new_deck.php:25
[29-Nov-2015 23:22:31 UTC] PHP Notice:  Undefined index: username in /home/ubuntu/workspace/v0.4/resources/library/classes/User.class.php on line 97
[29-Nov-2015 23:22:31 UTC] PHP Stack trace:
[29-Nov-2015 23:22:31 UTC] PHP   1. {main}() /home/ubuntu/workspace/v0.4/public_html/ajax/new_deck.php:0
[29-Nov-2015 23:22:31 UTC] PHP   2. User::newUser() /home/ubuntu/workspace/v0.4/public_html/ajax/new_deck.php:25
[29-Nov-2015 23:22:31 UTC] PHP Notice:  Undefined index: password in /home/ubuntu/workspace/v0.4/resources/library/classes/User.class.php on line 105
[29-Nov-2015 23:22:31 UTC] PHP Stack trace:
[29-Nov-2015 23:22:31 UTC] PHP   1. {main}() /home/ubuntu/workspace/v0.4/public_html/ajax/new_deck.php:0
[29-Nov-2015 23:22:31 UTC] PHP   2. User::newUser() /home/ubuntu/workspace/v0.4/public_html/ajax/new_deck.php:25
[29-Nov-2015 23:22:31 UTC] PHP Notice:  Undefined index: username in /home/ubuntu/workspace/v0.4/resources/library/classes/User.class.php on line 110
[29-Nov-2015 23:22:31 UTC] PHP Stack trace:
[29-Nov-2015 23:22:31 UTC] PHP   1. {main}() /home/ubuntu/workspace/v0.4/public_html/ajax/new_deck.php:0
[29-Nov-2015 23:22:31 UTC] PHP   2. User::newUser() /home/ubuntu/workspace/v0.4/public_html/ajax/new_deck.php:25
[29-Nov-2015 23:22:31 UTC] PHP Notice:  Undefined index: fname in /home/ubuntu/workspace/v0.4/resources/library/classes/User.class.php on line 112
[29-Nov-2015 23:22:31 UTC] PHP Stack trace:
[29-Nov-2015 23:22:31 UTC] PHP   1. {main}() /home/ubuntu/workspace/v0.4/public_html/ajax/new_deck.php:0
[29-Nov-2015 23:22:31 UTC] PHP   2. User::newUser() /home/ubuntu/workspace/v0.4/public_html/ajax/new_deck.php:25
[29-Nov-2015 23:22:31 UTC] PHP Notice:  Undefined index: lname in /home/ubuntu/workspace/v0.4/resources/library/classes/User.class.php on line 113
[29-Nov-2015 23:22:31 UTC] PHP Stack trace:
[29-Nov-2015 23:22:31 UTC] PHP   1. {main}() /home/ubuntu/workspace/v0.4/public_html/ajax/new_deck.php:0
[29-Nov-2015 23:22:31 UTC] PHP   2. User::newUser() /home/ubuntu/workspace/v0.4/public_html/ajax/new_deck.php:25
[29-Nov-2015 23:22:31 UTC] PHP Notice:  Undefined index: copename in /home/ubuntu/workspace/v0.4/resources/library/classes/User.class.php on line 114
[29-Nov-2015 23:22:31 UTC] PHP Stack trace:
[29-Nov-2015 23:22:31 UTC] PHP   1. {main}() /home/ubuntu/workspace/v0.4/public_html/ajax/new_deck.php:0
[29-Nov-2015 23:22:31 UTC] PHP   2. User::newUser() /home/ubuntu/workspace/v0.4/public_html/ajax/new_deck.php:25
[29-Nov-2015 23:22:59 UTC] PHP Notice:  Undefined index: password in /home/ubuntu/workspace/v0.4/resources/library/classes/User.class.php on line 90
[29-Nov-2015 23:22:59 UTC] PHP Stack trace:
[29-Nov-2015 23:22:59 UTC] PHP   1. {main}() /home/ubuntu/workspace/v0.4/public_html/ajax/new_deck.php:0
[29-Nov-2015 23:22:59 UTC] PHP   2. User::newUser() /home/ubuntu/workspace/v0.4/public_html/ajax/new_deck.php:25
[29-Nov-2015 23:22:59 UTC] PHP Notice:  Undefined index: confirmpassword in /home/ubuntu/workspace/v0.4/resources/library/classes/User.class.php on line 90
[29-Nov-2015 23:22:59 UTC] PHP Stack trace:
[29-Nov-2015 23:22:59 UTC] PHP   1. {main}() /home/ubuntu/workspace/v0.4/public_html/ajax/new_deck.php:0
[29-Nov-2015 23:22:59 UTC] PHP   2. User::newUser() /home/ubuntu/workspace/v0.4/public_html/ajax/new_deck.php:25
[29-Nov-2015 23:22:59 UTC] PHP Notice:  Undefined index: username in /home/ubuntu/workspace/v0.4/resources/library/classes/User.class.php on line 97
[29-Nov-2015 23:22:59 UTC] PHP Stack trace:
[29-Nov-2015 23:22:59 UTC] PHP   1. {main}() /home/ubuntu/workspace/v0.4/public_html/ajax/new_deck.php:0
[29-Nov-2015 23:22:59 UTC] PHP   2. User::newUser() /home/ubuntu/workspace/v0.4/public_html/ajax/new_deck.php:25
[29-Nov-2015 23:22:59 UTC] PHP Notice:  Undefined index: password in /home/ubuntu/workspace/v0.4/resources/library/classes/User.class.php on line 105
[29-Nov-2015 23:22:59 UTC] PHP Stack trace:
[29-Nov-2015 23:22:59 UTC] PHP   1. {main}() /home/ubuntu/workspace/v0.4/public_html/ajax/new_deck.php:0
[29-Nov-2015 23:22:59 UTC] PHP   2. User::newUser() /home/ubuntu/workspace/v0.4/public_html/ajax/new_deck.php:25
[29-Nov-2015 23:22:59 UTC] PHP Notice:  Undefined index: username in /home/ubuntu/workspace/v0.4/resources/library/classes/User.class.php on line 110
[29-Nov-2015 23:22:59 UTC] PHP Stack trace:
[29-Nov-2015 23:22:59 UTC] PHP   1. {main}() /home/ubuntu/workspace/v0.4/public_html/ajax/new_deck.php:0
[29-Nov-2015 23:22:59 UTC] PHP   2. User::newUser() /home/ubuntu/workspace/v0.4/public_html/ajax/new_deck.php:25
[29-Nov-2015 23:22:59 UTC] PHP Notice:  Undefined index: fname in /home/ubuntu/workspace/v0.4/resources/library/classes/User.class.php on line 112
[29-Nov-2015 23:22:59 UTC] PHP Stack trace:
[29-Nov-2015 23:22:59 UTC] PHP   1. {main}() /home/ubuntu/workspace/v0.4/public_html/ajax/new_deck.php:0
[29-Nov-2015 23:22:59 UTC] PHP   2. User::newUser() /home/ubuntu/workspace/v0.4/public_html/ajax/new_deck.php:25
[29-Nov-2015 23:22:59 UTC] PHP Notice:  Undefined index: lname in /home/ubuntu/workspace/v0.4/resources/library/classes/User.class.php on line 113
[29-Nov-2015 23:22:59 UTC] PHP Stack trace:
[29-Nov-2015 23:22:59 UTC] PHP   1. {main}() /home/ubuntu/workspace/v0.4/public_html/ajax/new_deck.php:0
[29-Nov-2015 23:22:59 UTC] PHP   2. User::newUser() /home/ubuntu/workspace/v0.4/public_html/ajax/new_deck.php:25
[29-Nov-2015 23:22:59 UTC] PHP Notice:  Undefined index: copename in /home/ubuntu/workspace/v0.4/resources/library/classes/User.class.php on line 114
[29-Nov-2015 23:22:59 UTC] PHP Stack trace:
[29-Nov-2015 23:22:59 UTC] PHP   1. {main}() /home/ubuntu/workspace/v0.4/public_html/ajax/new_deck.php:0
[29-Nov-2015 23:22:59 UTC] PHP   2. User::newUser() /home/ubuntu/workspace/v0.4/public_html/ajax/new_deck.php:25
[29-Nov-2015 23:23:04 UTC] PHP Notice:  Undefined index: password in /home/ubuntu/workspace/v0.4/resources/library/classes/User.class.php on line 90
[29-Nov-2015 23:23:04 UTC] PHP Stack trace:
[29-Nov-2015 23:23:04 UTC] PHP   1. {main}() /home/ubuntu/workspace/v0.4/public_html/ajax/new_deck.php:0
[29-Nov-2015 23:23:04 UTC] PHP   2. User::newUser() /home/ubuntu/workspace/v0.4/public_html/ajax/new_deck.php:25
[29-Nov-2015 23:23:04 UTC] PHP Notice:  Undefined index: confirmpassword in /home/ubuntu/workspace/v0.4/resources/library/classes/User.class.php on line 90
[29-Nov-2015 23:23:04 UTC] PHP Stack trace:
[29-Nov-2015 23:23:04 UTC] PHP   1. {main}() /home/ubuntu/workspace/v0.4/public_html/ajax/new_deck.php:0
[29-Nov-2015 23:23:04 UTC] PHP   2. User::newUser() /home/ubuntu/workspace/v0.4/public_html/ajax/new_deck.php:25
[29-Nov-2015 23:23:04 UTC] PHP Notice:  Undefined index: username in /home/ubuntu/workspace/v0.4/resources/library/classes/User.class.php on line 97
[29-Nov-2015 23:23:04 UTC] PHP Stack trace:
[29-Nov-2015 23:23:04 UTC] PHP   1. {main}() /home/ubuntu/workspace/v0.4/public_html/ajax/new_deck.php:0
[29-Nov-2015 23:23:04 UTC] PHP   2. User::newUser() /home/ubuntu/workspace/v0.4/public_html/ajax/new_deck.php:25
[29-Nov-2015 23:23:04 UTC] PHP Notice:  Undefined index: password in /home/ubuntu/workspace/v0.4/resources/library/classes/User.class.php on line 105
[29-Nov-2015 23:23:04 UTC] PHP Stack trace:
[29-Nov-2015 23:23:04 UTC] PHP   1. {main}() /home/ubuntu/workspace/v0.4/public_html/ajax/new_deck.php:0
[29-Nov-2015 23:23:04 UTC] PHP   2. User::newUser() /home/ubuntu/workspace/v0.4/public_html/ajax/new_deck.php:25
[29-Nov-2015 23:23:04 UTC] PHP Notice:  Undefined index: username in /home/ubuntu/workspace/v0.4/resources/library/classes/User.class.php on line 110
[29-Nov-2015 23:23:04 UTC] PHP Stack trace:
[29-Nov-2015 23:23:04 UTC] PHP   1. {main}() /home/ubuntu/workspace/v0.4/public_html/ajax/new_deck.php:0
[29-Nov-2015 23:23:04 UTC] PHP   2. User::newUser() /home/ubuntu/workspace/v0.4/public_html/ajax/new_deck.php:25
[29-Nov-2015 23:23:04 UTC] PHP Notice:  Undefined index: fname in /home/ubuntu/workspace/v0.4/resources/library/classes/User.class.php on line 112
[29-Nov-2015 23:23:04 UTC] PHP Stack trace:
[29-Nov-2015 23:23:04 UTC] PHP   1. {main}() /home/ubuntu/workspace/v0.4/public_html/ajax/new_deck.php:0
[29-Nov-2015 23:23:04 UTC] PHP   2. User::newUser() /home/ubuntu/workspace/v0.4/public_html/ajax/new_deck.php:25
[29-Nov-2015 23:23:04 UTC] PHP Notice:  Undefined index: lname in /home/ubuntu/workspace/v0.4/resources/library/classes/User.class.php on line 113
[29-Nov-2015 23:23:04 UTC] PHP Stack trace:
[29-Nov-2015 23:23:04 UTC] PHP   1. {main}() /home/ubuntu/workspace/v0.4/public_html/ajax/new_deck.php:0
[29-Nov-2015 23:23:04 UTC] PHP   2. User::newUser() /home/ubuntu/workspace/v0.4/public_html/ajax/new_deck.php:25
[29-Nov-2015 23:23:04 UTC] PHP Notice:  Undefined index: copename in /home/ubuntu/workspace/v0.4/resources/library/classes/User.class.php on line 114
[29-Nov-2015 23:23:04 UTC] PHP Stack trace:
[29-Nov-2015 23:23:04 UTC] PHP   1. {main}() /home/ubuntu/workspace/v0.4/public_html/ajax/new_deck.php:0
[29-Nov-2015 23:23:04 UTC] PHP   2. User::newUser() /home/ubuntu/workspace/v0.4/public_html/ajax/new_deck.php:25
[29-Nov-2015 23:25:51 UTC] PHP Notice:  Undefined index: password in /home/ubuntu/workspace/v0.4/resources/library/classes/User.class.php on line 90
[29-Nov-2015 23:25:51 UTC] PHP Stack trace:
[29-Nov-2015 23:25:51 UTC] PHP   1. {main}() /home/ubuntu/workspace/v0.4/public_html/ajax/new_deck.php:0
[29-Nov-2015 23:25:51 UTC] PHP   2. User::newUser() /home/ubuntu/workspace/v0.4/public_html/ajax/new_deck.php:25
[29-Nov-2015 23:25:51 UTC] PHP Notice:  Undefined index: confirmpassword in /home/ubuntu/workspace/v0.4/resources/library/classes/User.class.php on line 90
[29-Nov-2015 23:25:51 UTC] PHP Stack trace:
[29-Nov-2015 23:25:51 UTC] PHP   1. {main}() /home/ubuntu/workspace/v0.4/public_html/ajax/new_deck.php:0
[29-Nov-2015 23:25:51 UTC] PHP   2. User::newUser() /home/ubuntu/workspace/v0.4/public_html/ajax/new_deck.php:25
[29-Nov-2015 23:25:51 UTC] PHP Notice:  Undefined index: username in /home/ubuntu/workspace/v0.4/resources/library/classes/User.class.php on line 97
[29-Nov-2015 23:25:51 UTC] PHP Stack trace:
[29-Nov-2015 23:25:51 UTC] PHP   1. {main}() /home/ubuntu/workspace/v0.4/public_html/ajax/new_deck.php:0
[29-Nov-2015 23:25:51 UTC] PHP   2. User::newUser() /home/ubuntu/workspace/v0.4/public_html/ajax/new_deck.php:25
[29-Nov-2015 23:25:51 UTC] PHP Notice:  Undefined index: password in /home/ubuntu/workspace/v0.4/resources/library/classes/User.class.php on line 105
[29-Nov-2015 23:25:51 UTC] PHP Stack trace:
[29-Nov-2015 23:25:51 UTC] PHP   1. {main}() /home/ubuntu/workspace/v0.4/public_html/ajax/new_deck.php:0
[29-Nov-2015 23:25:51 UTC] PHP   2. User::newUser() /home/ubuntu/workspace/v0.4/public_html/ajax/new_deck.php:25
[29-Nov-2015 23:25:51 UTC] PHP Notice:  Undefined index: username in /home/ubuntu/workspace/v0.4/resources/library/classes/User.class.php on line 110
[29-Nov-2015 23:25:51 UTC] PHP Stack trace:
[29-Nov-2015 23:25:51 UTC] PHP   1. {main}() /home/ubuntu/workspace/v0.4/public_html/ajax/new_deck.php:0
[29-Nov-2015 23:25:51 UTC] PHP   2. User::newUser() /home/ubuntu/workspace/v0.4/public_html/ajax/new_deck.php:25
[29-Nov-2015 23:25:51 UTC] PHP Notice:  Undefined index: fname in /home/ubuntu/workspace/v0.4/resources/library/classes/User.class.php on line 112
[29-Nov-2015 23:25:51 UTC] PHP Stack trace:
[29-Nov-2015 23:25:51 UTC] PHP   1. {main}() /home/ubuntu/workspace/v0.4/public_html/ajax/new_deck.php:0
[29-Nov-2015 23:25:51 UTC] PHP   2. User::newUser() /home/ubuntu/workspace/v0.4/public_html/ajax/new_deck.php:25
[29-Nov-2015 23:25:51 UTC] PHP Notice:  Undefined index: lname in /home/ubuntu/workspace/v0.4/resources/library/classes/User.class.php on line 113
[29-Nov-2015 23:25:51 UTC] PHP Stack trace:
[29-Nov-2015 23:25:51 UTC] PHP   1. {main}() /home/ubuntu/workspace/v0.4/public_html/ajax/new_deck.php:0
[29-Nov-2015 23:25:51 UTC] PHP   2. User::newUser() /home/ubuntu/workspace/v0.4/public_html/ajax/new_deck.php:25
[29-Nov-2015 23:25:51 UTC] PHP Notice:  Undefined index: copename in /home/ubuntu/workspace/v0.4/resources/library/classes/User.class.php on line 114
[29-Nov-2015 23:25:51 UTC] PHP Stack trace:
[29-Nov-2015 23:25:51 UTC] PHP   1. {main}() /home/ubuntu/workspace/v0.4/public_html/ajax/new_deck.php:0
[29-Nov-2015 23:25:51 UTC] PHP   2. User::newUser() /home/ubuntu/workspace/v0.4/public_html/ajax/new_deck.php:25
[29-Nov-2015 23:26:37 UTC] PHP Parse error:  syntax error, unexpected ';' in /home/ubuntu/workspace/v0.4/resources/library/classes/Deck.class.php on line 124
[29-Nov-2015 23:26:37 UTC] PHP Stack trace:
[29-Nov-2015 23:26:37 UTC] PHP   1. {main}() /home/ubuntu/workspace/v0.4/public_html/ajax/new_deck.php:0
[29-Nov-2015 23:26:37 UTC] PHP   2. spl_autoload_call() /home/ubuntu/workspace/v0.4/public_html/ajax/new_deck.php:25
[29-Nov-2015 23:26:37 UTC] PHP   3. autoload_classes() /home/ubuntu/workspace/v0.4/public_html/ajax/new_deck.php:0
[30-Nov-2015 01:17:24 UTC] PHP Notice:  Undefined index: discussion in /home/ubuntu/workspace/v0.4/resources/library/classes/Game.class.php on line 197
[30-Nov-2015 01:17:24 UTC] PHP Stack trace:
[30-Nov-2015 01:17:24 UTC] PHP   1. {main}() /home/ubuntu/workspace/v0.4/public_html/ajax/new_game.php:0
[30-Nov-2015 01:17:24 UTC] PHP   2. Game::newGame() /home/ubuntu/workspace/v0.4/public_html/ajax/new_game.php:25
[30-Nov-2015 01:30:37 UTC] PHP Notice:  Undefined variable: secondaryInsert in /home/ubuntu/workspace/v0.4/resources/library/classes/Game.class.php on line 209
[30-Nov-2015 01:30:37 UTC] PHP Stack trace:
[30-Nov-2015 01:30:37 UTC] PHP   1. {main}() /home/ubuntu/workspace/v0.4/public_html/ajax/new_game.php:0
[30-Nov-2015 01:30:37 UTC] PHP   2. Game::newGame() /home/ubuntu/workspace/v0.4/public_html/ajax/new_game.php:25
[30-Nov-2015 01:30:37 UTC] PHP Notice:  Undefined variable: secondaryVal in /home/ubuntu/workspace/v0.4/resources/library/classes/Game.class.php on line 210
[30-Nov-2015 01:30:37 UTC] PHP Stack trace:
[30-Nov-2015 01:30:37 UTC] PHP   1. {main}() /home/ubuntu/workspace/v0.4/public_html/ajax/new_game.php:0
[30-Nov-2015 01:30:37 UTC] PHP   2. Game::newGame() /home/ubuntu/workspace/v0.4/public_html/ajax/new_game.php:25
[30-Nov-2015 02:38:54 UTC] PHP Notice:  Undefined index: deckid in /home/ubuntu/workspace/v0.4/resources/library/classes/Game.class.php on line 187
[30-Nov-2015 02:38:54 UTC] PHP Stack trace:
[30-Nov-2015 02:38:54 UTC] PHP   1. {main}() /home/ubuntu/workspace/v0.4/public_html/ajax/new_game.php:0
[30-Nov-2015 02:38:54 UTC] PHP   2. Game::newGame() /home/ubuntu/workspace/v0.4/public_html/ajax/new_game.php:25
[30-Nov-2015 02:38:54 UTC] PHP Notice:  Undefined index: deckid in /home/ubuntu/workspace/v0.4/public_html/ajax/new_game.php on line 28
[30-Nov-2015 02:38:54 UTC] PHP Stack trace:
[30-Nov-2015 02:38:54 UTC] PHP   1. {main}() /home/ubuntu/workspace/v0.4/public_html/ajax/new_game.php:0
[30-Nov-2015 02:38:56 UTC] PHP Notice:  Undefined index: deckid in /home/ubuntu/workspace/v0.4/resources/library/classes/Game.class.php on line 187
[30-Nov-2015 02:38:56 UTC] PHP Stack trace:
[30-Nov-2015 02:38:56 UTC] PHP   1. {main}() /home/ubuntu/workspace/v0.4/public_html/ajax/new_game.php:0
[30-Nov-2015 02:38:56 UTC] PHP   2. Game::newGame() /home/ubuntu/workspace/v0.4/public_html/ajax/new_game.php:25
[30-Nov-2015 02:38:56 UTC] PHP Notice:  Undefined index: deckid in /home/ubuntu/workspace/v0.4/public_html/ajax/new_game.php on line 28
[30-Nov-2015 02:38:56 UTC] PHP Stack trace:
[30-Nov-2015 02:38:56 UTC] PHP   1. {main}() /home/ubuntu/workspace/v0.4/public_html/ajax/new_game.php:0
[30-Nov-2015 02:55:29 UTC] PHP Notice:  Undefined index: userid in /home/ubuntu/workspace/v0.4/public_html/ajax/edit_game.php on line 15
[30-Nov-2015 02:55:29 UTC] PHP Stack trace:
[30-Nov-2015 02:55:29 UTC] PHP   1. {main}() /home/ubuntu/workspace/v0.4/public_html/ajax/edit_game.php:0
[30-Nov-2015 02:55:31 UTC] PHP Notice:  Undefined index: userid in /home/ubuntu/workspace/v0.4/public_html/ajax/edit_game.php on line 15
[30-Nov-2015 02:55:31 UTC] PHP Stack trace:
[30-Nov-2015 02:55:31 UTC] PHP   1. {main}() /home/ubuntu/workspace/v0.4/public_html/ajax/edit_game.php:0
[30-Nov-2015 02:56:38 UTC] PHP Notice:  Undefined index: userid in /home/ubuntu/workspace/v0.4/public_html/ajax/edit_game.php on line 15
[30-Nov-2015 02:56:38 UTC] PHP Stack trace:
[30-Nov-2015 02:56:38 UTC] PHP   1. {main}() /home/ubuntu/workspace/v0.4/public_html/ajax/edit_game.php:0
[30-Nov-2015 02:57:35 UTC] PHP Notice:  Undefined index: userid in /home/ubuntu/workspace/v0.4/public_html/ajax/edit_game.php on line 15
[30-Nov-2015 02:57:35 UTC] PHP Stack trace:
[30-Nov-2015 02:57:35 UTC] PHP   1. {main}() /home/ubuntu/workspace/v0.4/public_html/ajax/edit_game.php:0
[30-Nov-2015 02:57:56 UTC] PHP Notice:  Undefined index: userid in /home/ubuntu/workspace/v0.4/public_html/ajax/edit_game.php on line 15
[30-Nov-2015 02:57:56 UTC] PHP Stack trace:
[30-Nov-2015 02:57:56 UTC] PHP   1. {main}() /home/ubuntu/workspace/v0.4/public_html/ajax/edit_game.php:0
[30-Nov-2015 02:59:15 UTC] PHP Notice:  Undefined index: userid in /home/ubuntu/workspace/v0.4/public_html/ajax/edit_game.php on line 15
[30-Nov-2015 02:59:15 UTC] PHP Stack trace:
[30-Nov-2015 02:59:15 UTC] PHP   1. {main}() /home/ubuntu/workspace/v0.4/public_html/ajax/edit_game.php:0
[30-Nov-2015 03:35:38 UTC] PHP Fatal error:  Call to undefined method Deck::editDeck() in /home/ubuntu/workspace/v0.4/public_html/ajax/edit_deck.php on line 22
[30-Nov-2015 03:35:38 UTC] PHP Stack trace:
[30-Nov-2015 03:35:38 UTC] PHP   1. {main}() /home/ubuntu/workspace/v0.4/public_html/ajax/edit_deck.php:0
[30-Nov-2015 03:35:46 UTC] PHP Fatal error:  Call to undefined method Deck::editDeck() in /home/ubuntu/workspace/v0.4/public_html/ajax/edit_deck.php on line 22
[30-Nov-2015 03:35:46 UTC] PHP Stack trace:
[30-Nov-2015 03:35:46 UTC] PHP   1. {main}() /home/ubuntu/workspace/v0.4/public_html/ajax/edit_deck.php:0
[30-Nov-2015 03:40:07 UTC] PHP Notice:  Undefined index: deckidid in /home/ubuntu/workspace/v0.4/resources/library/classes/Deck.class.php on line 153
[30-Nov-2015 03:40:07 UTC] PHP Stack trace:
[30-Nov-2015 03:40:07 UTC] PHP   1. {main}() /home/ubuntu/workspace/v0.4/public_html/ajax/edit_deck.php:0
[30-Nov-2015 03:40:07 UTC] PHP   2. Deck::editDeck() /home/ubuntu/workspace/v0.4/public_html/ajax/edit_deck.php:22
[30-Nov-2015 03:40:36 UTC] PHP Notice:  Undefined index: deckid in /home/ubuntu/workspace/v0.4/resources/library/classes/Deck.class.php on line 153
[30-Nov-2015 03:40:36 UTC] PHP Stack trace:
[30-Nov-2015 03:40:36 UTC] PHP   1. {main}() /home/ubuntu/workspace/v0.4/public_html/ajax/edit_deck.php:0
[30-Nov-2015 03:40:36 UTC] PHP   2. Deck::editDeck() /home/ubuntu/workspace/v0.4/public_html/ajax/edit_deck.php:22
