[02-Nov-2015 20:46:27 UTC] PHP Warning:  mysqli_stmt::bind_param(): Number of variables doesn't match number of parameters in prepared statement in /home/ubuntu/workspace/v0.3/api/games_api.php on line 14
[02-Nov-2015 20:46:27 UTC] PHP Stack trace:
[02-Nov-2015 20:46:27 UTC] PHP   1. {main}() /home/ubuntu/workspace/v0.3/api/games_api.php:0
[02-Nov-2015 20:46:27 UTC] PHP   2. mysqli_stmt->bind_param() /home/ubuntu/workspace/v0.3/api/games_api.php:14
[02-Nov-2015 20:46:27 UTC] PHP Warning:  Cannot modify header information - headers already sent by (output started at /home/ubuntu/workspace/v0.3/api/games_api.php:14) in /home/ubuntu/workspace/v0.3/api/games_api.php on line 22
[02-Nov-2015 20:46:27 UTC] PHP Stack trace:
[02-Nov-2015 20:46:27 UTC] PHP   1. {main}() /home/ubuntu/workspace/v0.3/api/games_api.php:0
[02-Nov-2015 20:46:27 UTC] PHP   2. header() /home/ubuntu/workspace/v0.3/api/games_api.php:22
[02-Nov-2015 21:49:04 UTC] PHP Warning:  Cannot modify header information - headers already sent by (output started at /home/ubuntu/workspace/v0.3/api/games_api.php:21) in /home/ubuntu/workspace/v0.3/api/games_api.php on line 47
[02-Nov-2015 21:49:04 UTC] PHP Stack trace:
[02-Nov-2015 21:49:04 UTC] PHP   1. {main}() /home/ubuntu/workspace/v0.3/api/games_api.php:0
[02-Nov-2015 21:49:04 UTC] PHP   2. header() /home/ubuntu/workspace/v0.3/api/games_api.php:47
[02-Nov-2015 21:50:17 UTC] PHP Warning:  Cannot modify header information - headers already sent by (output started at /home/ubuntu/workspace/v0.3/api/games_api.php:21) in /home/ubuntu/workspace/v0.3/api/games_api.php on line 50
[02-Nov-2015 21:50:17 UTC] PHP Stack trace:
[02-Nov-2015 21:50:17 UTC] PHP   1. {main}() /home/ubuntu/workspace/v0.3/api/games_api.php:0
[02-Nov-2015 21:50:17 UTC] PHP   2. header() /home/ubuntu/workspace/v0.3/api/games_api.php:50
[02-Nov-2015 21:54:21 UTC] PHP Warning:  Invalid argument supplied for foreach() in /home/ubuntu/workspace/v0.3/api/games_api.php on line 10
[02-Nov-2015 21:54:21 UTC] PHP Stack trace:
[02-Nov-2015 21:54:21 UTC] PHP   1. {main}() /home/ubuntu/workspace/v0.3/api/games_api.php:0
[02-Nov-2015 22:15:05 UTC] PHP Warning:  Invalid argument supplied for foreach() in /home/ubuntu/workspace/v0.3/api/games_api.php on line 12
[02-Nov-2015 22:15:05 UTC] PHP Stack trace:
[02-Nov-2015 22:15:05 UTC] PHP   1. {main}() /home/ubuntu/workspace/v0.3/api/games_api.php:0
[02-Nov-2015 22:15:05 UTC] PHP Warning:  Cannot modify header information - headers already sent by (output started at /home/ubuntu/workspace/v0.3/api/games_api.php:12) in /home/ubuntu/workspace/v0.3/api/games_api.php on line 48
[02-Nov-2015 22:15:05 UTC] PHP Stack trace:
[02-Nov-2015 22:15:05 UTC] PHP   1. {main}() /home/ubuntu/workspace/v0.3/api/games_api.php:0
[02-Nov-2015 22:15:05 UTC] PHP   2. header(*uninitialized*) /home/ubuntu/workspace/v0.3/api/games_api.php:48
[02-Nov-2015 22:56:48 UTC] PHP Warning:  PDO::__construct(): php_network_getaddresses: getaddrinfo failed: Name or service not known in /home/ubuntu/workspace/v0.3/api/connect.php on line 10
[02-Nov-2015 22:56:48 UTC] PHP Stack trace:
[02-Nov-2015 22:56:48 UTC] PHP   1. {main}() /home/ubuntu/workspace/v0.3/api/connect.php:0
[02-Nov-2015 22:56:48 UTC] PHP   2. PDO->__construct() /home/ubuntu/workspace/v0.3/api/connect.php:10
[03-Nov-2015 15:34:15 UTC] PHP Parse error:  syntax error, unexpected '' (T_ENCAPSED_AND_WHITESPACE), expecting identifier (T_STRING) or variable (T_VARIABLE) or number (T_NUM_STRING) in /home/ubuntu/workspace/v0.3/api/games_api.php on line 45
[24-Nov-2015 17:41:28 UTC] PHP Warning:  require_once(../connect.php): failed to open stream: No such file or directory in /home/ubuntu/workspace/v0.3/api/ui/group_class.php on line 3
[24-Nov-2015 17:41:28 UTC] PHP Stack trace:
[24-Nov-2015 17:41:28 UTC] PHP   1. {main}() /home/ubuntu/workspace/v0.3/api/getGroupSession.php:0
[24-Nov-2015 17:41:28 UTC] PHP   2. require_once() /home/ubuntu/workspace/v0.3/api/getGroupSession.php:3
[24-Nov-2015 17:41:28 UTC] PHP Fatal error:  require_once(): Failed opening required '../connect.php' (include_path='.:/usr/share/php:/usr/share/pear') in /home/ubuntu/workspace/v0.3/api/ui/group_class.php on line 3
[24-Nov-2015 17:41:28 UTC] PHP Stack trace:
[24-Nov-2015 17:41:28 UTC] PHP   1. {main}() /home/ubuntu/workspace/v0.3/api/getGroupSession.php:0
[24-Nov-2015 17:41:28 UTC] PHP   2. require_once() /home/ubuntu/workspace/v0.3/api/getGroupSession.php:3
[24-Nov-2015 17:42:25 UTC] PHP Warning:  require_once(../connect.php): failed to open stream: No such file or directory in /home/ubuntu/workspace/v0.3/api/ui/group_class.php on line 3
[24-Nov-2015 17:42:25 UTC] PHP Stack trace:
[24-Nov-2015 17:42:25 UTC] PHP   1. {main}() /home/ubuntu/workspace/v0.3/api/getGroupSession.php:0
[24-Nov-2015 17:42:25 UTC] PHP   2. require_once() /home/ubuntu/workspace/v0.3/api/getGroupSession.php:3
[24-Nov-2015 17:42:25 UTC] PHP Fatal error:  require_once(): Failed opening required '../connect.php' (include_path='.:/usr/share/php:/usr/share/pear') in /home/ubuntu/workspace/v0.3/api/ui/group_class.php on line 3
[24-Nov-2015 17:42:25 UTC] PHP Stack trace:
[24-Nov-2015 17:42:25 UTC] PHP   1. {main}() /home/ubuntu/workspace/v0.3/api/getGroupSession.php:0
[24-Nov-2015 17:42:25 UTC] PHP   2. require_once() /home/ubuntu/workspace/v0.3/api/getGroupSession.php:3
[24-Nov-2015 17:45:45 UTC] PHP Warning:  require_once(../connect.php): failed to open stream: No such file or directory in /home/ubuntu/workspace/v0.3/api/ui/group_game_card_class.php on line 3
[24-Nov-2015 17:45:45 UTC] PHP Stack trace:
[24-Nov-2015 17:45:45 UTC] PHP   1. {main}() /home/ubuntu/workspace/v0.3/api/getGroupSession.php:0
[24-Nov-2015 17:45:45 UTC] PHP   2. require_once() /home/ubuntu/workspace/v0.3/api/getGroupSession.php:3
[24-Nov-2015 17:45:45 UTC] PHP   3. require_once() /home/ubuntu/workspace/v0.3/api/ui/group_class.php:4
[24-Nov-2015 17:45:45 UTC] PHP Fatal error:  require_once(): Failed opening required '../connect.php' (include_path='.:/usr/share/php:/usr/share/pear') in /home/ubuntu/workspace/v0.3/api/ui/group_game_card_class.php on line 3
[24-Nov-2015 17:45:45 UTC] PHP Stack trace:
[24-Nov-2015 17:45:45 UTC] PHP   1. {main}() /home/ubuntu/workspace/v0.3/api/getGroupSession.php:0
[24-Nov-2015 17:45:45 UTC] PHP   2. require_once() /home/ubuntu/workspace/v0.3/api/getGroupSession.php:3
[24-Nov-2015 17:45:45 UTC] PHP   3. require_once() /home/ubuntu/workspace/v0.3/api/ui/group_class.php:4
[24-Nov-2015 17:46:04 UTC] PHP Warning:  require_once(../connect.php): failed to open stream: No such file or directory in /home/ubuntu/workspace/v0.3/api/ui/game_card_class.php on line 3
[24-Nov-2015 17:46:04 UTC] PHP Stack trace:
[24-Nov-2015 17:46:04 UTC] PHP   1. {main}() /home/ubuntu/workspace/v0.3/api/getGroupSession.php:0
[24-Nov-2015 17:46:04 UTC] PHP   2. require_once() /home/ubuntu/workspace/v0.3/api/getGroupSession.php:3
[24-Nov-2015 17:46:04 UTC] PHP   3. require_once() /home/ubuntu/workspace/v0.3/api/ui/group_class.php:4
[24-Nov-2015 17:46:04 UTC] PHP   4. require_once() /home/ubuntu/workspace/v0.3/api/ui/group_game_card_class.php:4
[24-Nov-2015 17:46:04 UTC] PHP Fatal error:  require_once(): Failed opening required '../connect.php' (include_path='.:/usr/share/php:/usr/share/pear') in /home/ubuntu/workspace/v0.3/api/ui/game_card_class.php on line 3
[24-Nov-2015 17:46:04 UTC] PHP Stack trace:
[24-Nov-2015 17:46:04 UTC] PHP   1. {main}() /home/ubuntu/workspace/v0.3/api/getGroupSession.php:0
[24-Nov-2015 17:46:04 UTC] PHP   2. require_once() /home/ubuntu/workspace/v0.3/api/getGroupSession.php:3
[24-Nov-2015 17:46:04 UTC] PHP   3. require_once() /home/ubuntu/workspace/v0.3/api/ui/group_class.php:4
[24-Nov-2015 17:46:04 UTC] PHP   4. require_once() /home/ubuntu/workspace/v0.3/api/ui/group_game_card_class.php:4
[24-Nov-2015 17:59:59 UTC] PHP Warning:  file_get_contents(game_card_front.tpl): failed to open stream: No such file or directory in /home/ubuntu/workspace/v0.3/api/ui/game_card_class.php on line 137
[24-Nov-2015 17:59:59 UTC] PHP Stack trace:
[24-Nov-2015 17:59:59 UTC] PHP   1. {main}() /home/ubuntu/workspace/v0.3/api/getGroupSession.php:0
[24-Nov-2015 17:59:59 UTC] PHP   2. group_game_card_class->getCardFrontHTML() /home/ubuntu/workspace/v0.3/api/getGroupSession.php:24
[24-Nov-2015 17:59:59 UTC] PHP   3. game_card_class->getCardFrontHTML() /home/ubuntu/workspace/v0.3/api/ui/group_game_card_class.php:32
[24-Nov-2015 17:59:59 UTC] PHP   4. file_get_contents() /home/ubuntu/workspace/v0.3/api/ui/game_card_class.php:137
[24-Nov-2015 17:59:59 UTC] PHP Warning:  file_get_contents(game_card_front.tpl): failed to open stream: No such file or directory in /home/ubuntu/workspace/v0.3/api/ui/game_card_class.php on line 137
[24-Nov-2015 17:59:59 UTC] PHP Stack trace:
[24-Nov-2015 17:59:59 UTC] PHP   1. {main}() /home/ubuntu/workspace/v0.3/api/getGroupSession.php:0
[24-Nov-2015 17:59:59 UTC] PHP   2. group_game_card_class->getCardFrontHTML() /home/ubuntu/workspace/v0.3/api/getGroupSession.php:24
[24-Nov-2015 17:59:59 UTC] PHP   3. game_card_class->getCardFrontHTML() /home/ubuntu/workspace/v0.3/api/ui/group_game_card_class.php:32
[24-Nov-2015 17:59:59 UTC] PHP   4. file_get_contents() /home/ubuntu/workspace/v0.3/api/ui/game_card_class.php:137
[24-Nov-2015 17:59:59 UTC] PHP Warning:  file_get_contents(game_card_front.tpl): failed to open stream: No such file or directory in /home/ubuntu/workspace/v0.3/api/ui/game_card_class.php on line 137
[24-Nov-2015 17:59:59 UTC] PHP Stack trace:
[24-Nov-2015 17:59:59 UTC] PHP   1. {main}() /home/ubuntu/workspace/v0.3/api/getGroupSession.php:0
[24-Nov-2015 17:59:59 UTC] PHP   2. group_game_card_class->getCardFrontHTML() /home/ubuntu/workspace/v0.3/api/getGroupSession.php:24
[24-Nov-2015 17:59:59 UTC] PHP   3. game_card_class->getCardFrontHTML() /home/ubuntu/workspace/v0.3/api/ui/group_game_card_class.php:32
[24-Nov-2015 17:59:59 UTC] PHP   4. file_get_contents() /home/ubuntu/workspace/v0.3/api/ui/game_card_class.php:137
[24-Nov-2015 17:59:59 UTC] PHP Warning:  file_get_contents(game_card_front.tpl): failed to open stream: No such file or directory in /home/ubuntu/workspace/v0.3/api/ui/game_card_class.php on line 137
[24-Nov-2015 17:59:59 UTC] PHP Stack trace:
[24-Nov-2015 17:59:59 UTC] PHP   1. {main}() /home/ubuntu/workspace/v0.3/api/getGroupSession.php:0
[24-Nov-2015 17:59:59 UTC] PHP   2. group_game_card_class->getCardFrontHTML() /home/ubuntu/workspace/v0.3/api/getGroupSession.php:24
[24-Nov-2015 17:59:59 UTC] PHP   3. game_card_class->getCardFrontHTML() /home/ubuntu/workspace/v0.3/api/ui/group_game_card_class.php:32
[24-Nov-2015 17:59:59 UTC] PHP   4. file_get_contents() /home/ubuntu/workspace/v0.3/api/ui/game_card_class.php:137
[24-Nov-2015 18:00:49 UTC] PHP Warning:  file_get_contents(game_card_front.tpl): failed to open stream: No such file or directory in /home/ubuntu/workspace/v0.3/api/ui/game_card_class.php on line 137
[24-Nov-2015 18:00:49 UTC] PHP Stack trace:
[24-Nov-2015 18:00:49 UTC] PHP   1. {main}() /home/ubuntu/workspace/v0.3/api/getGroupSession.php:0
[24-Nov-2015 18:00:49 UTC] PHP   2. group_game_card_class->getCardFrontHTML() /home/ubuntu/workspace/v0.3/api/getGroupSession.php:25
[24-Nov-2015 18:00:49 UTC] PHP   3. game_card_class->getCardFrontHTML() /home/ubuntu/workspace/v0.3/api/ui/group_game_card_class.php:32
[24-Nov-2015 18:00:49 UTC] PHP   4. file_get_contents() /home/ubuntu/workspace/v0.3/api/ui/game_card_class.php:137
[24-Nov-2015 18:00:49 UTC] PHP Warning:  file_get_contents(game_card_front.tpl): failed to open stream: No such file or directory in /home/ubuntu/workspace/v0.3/api/ui/game_card_class.php on line 137
[24-Nov-2015 18:00:49 UTC] PHP Stack trace:
[24-Nov-2015 18:00:49 UTC] PHP   1. {main}() /home/ubuntu/workspace/v0.3/api/getGroupSession.php:0
[24-Nov-2015 18:00:49 UTC] PHP   2. group_game_card_class->getCardFrontHTML() /home/ubuntu/workspace/v0.3/api/getGroupSession.php:25
[24-Nov-2015 18:00:49 UTC] PHP   3. game_card_class->getCardFrontHTML() /home/ubuntu/workspace/v0.3/api/ui/group_game_card_class.php:32
[24-Nov-2015 18:00:49 UTC] PHP   4. file_get_contents() /home/ubuntu/workspace/v0.3/api/ui/game_card_class.php:137
[24-Nov-2015 18:00:49 UTC] PHP Warning:  file_get_contents(game_card_front.tpl): failed to open stream: No such file or directory in /home/ubuntu/workspace/v0.3/api/ui/game_card_class.php on line 137
[24-Nov-2015 18:00:49 UTC] PHP Stack trace:
[24-Nov-2015 18:00:49 UTC] PHP   1. {main}() /home/ubuntu/workspace/v0.3/api/getGroupSession.php:0
[24-Nov-2015 18:00:49 UTC] PHP   2. group_game_card_class->getCardFrontHTML() /home/ubuntu/workspace/v0.3/api/getGroupSession.php:25
[24-Nov-2015 18:00:49 UTC] PHP   3. game_card_class->getCardFrontHTML() /home/ubuntu/workspace/v0.3/api/ui/group_game_card_class.php:32
[24-Nov-2015 18:00:49 UTC] PHP   4. file_get_contents() /home/ubuntu/workspace/v0.3/api/ui/game_card_class.php:137
[24-Nov-2015 18:00:49 UTC] PHP Warning:  file_get_contents(game_card_front.tpl): failed to open stream: No such file or directory in /home/ubuntu/workspace/v0.3/api/ui/game_card_class.php on line 137
[24-Nov-2015 18:00:49 UTC] PHP Stack trace:
[24-Nov-2015 18:00:49 UTC] PHP   1. {main}() /home/ubuntu/workspace/v0.3/api/getGroupSession.php:0
[24-Nov-2015 18:00:49 UTC] PHP   2. group_game_card_class->getCardFrontHTML() /home/ubuntu/workspace/v0.3/api/getGroupSession.php:25
[24-Nov-2015 18:00:49 UTC] PHP   3. game_card_class->getCardFrontHTML() /home/ubuntu/workspace/v0.3/api/ui/group_game_card_class.php:32
[24-Nov-2015 18:00:49 UTC] PHP   4. file_get_contents() /home/ubuntu/workspace/v0.3/api/ui/game_card_class.php:137
[24-Nov-2015 18:01:06 UTC] PHP Warning:  file_get_contents(game_card_front.tpl): failed to open stream: No such file or directory in /home/ubuntu/workspace/v0.3/api/ui/game_card_class.php on line 137
[24-Nov-2015 18:01:06 UTC] PHP Stack trace:
[24-Nov-2015 18:01:06 UTC] PHP   1. {main}() /home/ubuntu/workspace/v0.3/api/getGroupSession.php:0
[24-Nov-2015 18:01:06 UTC] PHP   2. group_game_card_class->getCardFrontHTML() /home/ubuntu/workspace/v0.3/api/getGroupSession.php:24
[24-Nov-2015 18:01:06 UTC] PHP   3. game_card_class->getCardFrontHTML() /home/ubuntu/workspace/v0.3/api/ui/group_game_card_class.php:32
[24-Nov-2015 18:01:06 UTC] PHP   4. file_get_contents() /home/ubuntu/workspace/v0.3/api/ui/game_card_class.php:137
[24-Nov-2015 18:01:06 UTC] PHP Warning:  file_get_contents(game_card_front.tpl): failed to open stream: No such file or directory in /home/ubuntu/workspace/v0.3/api/ui/game_card_class.php on line 137
[24-Nov-2015 18:01:06 UTC] PHP Stack trace:
[24-Nov-2015 18:01:06 UTC] PHP   1. {main}() /home/ubuntu/workspace/v0.3/api/getGroupSession.php:0
[24-Nov-2015 18:01:06 UTC] PHP   2. group_game_card_class->getCardFrontHTML() /home/ubuntu/workspace/v0.3/api/getGroupSession.php:24
[24-Nov-2015 18:01:06 UTC] PHP   3. game_card_class->getCardFrontHTML() /home/ubuntu/workspace/v0.3/api/ui/group_game_card_class.php:32
[24-Nov-2015 18:01:06 UTC] PHP   4. file_get_contents() /home/ubuntu/workspace/v0.3/api/ui/game_card_class.php:137
[24-Nov-2015 18:01:06 UTC] PHP Warning:  file_get_contents(game_card_front.tpl): failed to open stream: No such file or directory in /home/ubuntu/workspace/v0.3/api/ui/game_card_class.php on line 137
[24-Nov-2015 18:01:06 UTC] PHP Stack trace:
[24-Nov-2015 18:01:06 UTC] PHP   1. {main}() /home/ubuntu/workspace/v0.3/api/getGroupSession.php:0
[24-Nov-2015 18:01:06 UTC] PHP   2. group_game_card_class->getCardFrontHTML() /home/ubuntu/workspace/v0.3/api/getGroupSession.php:24
[24-Nov-2015 18:01:06 UTC] PHP   3. game_card_class->getCardFrontHTML() /home/ubuntu/workspace/v0.3/api/ui/group_game_card_class.php:32
[24-Nov-2015 18:01:06 UTC] PHP   4. file_get_contents() /home/ubuntu/workspace/v0.3/api/ui/game_card_class.php:137
[24-Nov-2015 18:01:06 UTC] PHP Warning:  file_get_contents(game_card_front.tpl): failed to open stream: No such file or directory in /home/ubuntu/workspace/v0.3/api/ui/game_card_class.php on line 137
[24-Nov-2015 18:01:06 UTC] PHP Stack trace:
[24-Nov-2015 18:01:06 UTC] PHP   1. {main}() /home/ubuntu/workspace/v0.3/api/getGroupSession.php:0
[24-Nov-2015 18:01:06 UTC] PHP   2. group_game_card_class->getCardFrontHTML() /home/ubuntu/workspace/v0.3/api/getGroupSession.php:24
[24-Nov-2015 18:01:06 UTC] PHP   3. game_card_class->getCardFrontHTML() /home/ubuntu/workspace/v0.3/api/ui/group_game_card_class.php:32
[24-Nov-2015 18:01:06 UTC] PHP   4. file_get_contents() /home/ubuntu/workspace/v0.3/api/ui/game_card_class.php:137
[24-Nov-2015 18:04:49 UTC] PHP Warning:  file_get_contents(game_card_front.tpl): failed to open stream: No such file or directory in /home/ubuntu/workspace/v0.3/api/ui/game_card_class.php on line 137
[24-Nov-2015 18:04:49 UTC] PHP Stack trace:
[24-Nov-2015 18:04:49 UTC] PHP   1. {main}() /home/ubuntu/workspace/v0.3/api/getGroupSession.php:0
[24-Nov-2015 18:04:49 UTC] PHP   2. group_game_card_class->getCardFrontHTML() /home/ubuntu/workspace/v0.3/api/getGroupSession.php:24
[24-Nov-2015 18:04:49 UTC] PHP   3. game_card_class->getCardFrontHTML() /home/ubuntu/workspace/v0.3/api/ui/group_game_card_class.php:32
[24-Nov-2015 18:04:49 UTC] PHP   4. file_get_contents() /home/ubuntu/workspace/v0.3/api/ui/game_card_class.php:137
[24-Nov-2015 18:04:49 UTC] PHP Warning:  file_get_contents(game_card_front.tpl): failed to open stream: No such file or directory in /home/ubuntu/workspace/v0.3/api/ui/game_card_class.php on line 137
[24-Nov-2015 18:04:49 UTC] PHP Stack trace:
[24-Nov-2015 18:04:49 UTC] PHP   1. {main}() /home/ubuntu/workspace/v0.3/api/getGroupSession.php:0
[24-Nov-2015 18:04:49 UTC] PHP   2. group_game_card_class->getCardFrontHTML() /home/ubuntu/workspace/v0.3/api/getGroupSession.php:24
[24-Nov-2015 18:04:49 UTC] PHP   3. game_card_class->getCardFrontHTML() /home/ubuntu/workspace/v0.3/api/ui/group_game_card_class.php:32
[24-Nov-2015 18:04:49 UTC] PHP   4. file_get_contents() /home/ubuntu/workspace/v0.3/api/ui/game_card_class.php:137
[24-Nov-2015 18:04:49 UTC] PHP Warning:  file_get_contents(game_card_front.tpl): failed to open stream: No such file or directory in /home/ubuntu/workspace/v0.3/api/ui/game_card_class.php on line 137
[24-Nov-2015 18:04:49 UTC] PHP Stack trace:
[24-Nov-2015 18:04:49 UTC] PHP   1. {main}() /home/ubuntu/workspace/v0.3/api/getGroupSession.php:0
[24-Nov-2015 18:04:49 UTC] PHP   2. group_game_card_class->getCardFrontHTML() /home/ubuntu/workspace/v0.3/api/getGroupSession.php:24
[24-Nov-2015 18:04:49 UTC] PHP   3. game_card_class->getCardFrontHTML() /home/ubuntu/workspace/v0.3/api/ui/group_game_card_class.php:32
[24-Nov-2015 18:04:49 UTC] PHP   4. file_get_contents() /home/ubuntu/workspace/v0.3/api/ui/game_card_class.php:137
[24-Nov-2015 18:04:49 UTC] PHP Warning:  file_get_contents(game_card_front.tpl): failed to open stream: No such file or directory in /home/ubuntu/workspace/v0.3/api/ui/game_card_class.php on line 137
[24-Nov-2015 18:04:49 UTC] PHP Stack trace:
[24-Nov-2015 18:04:49 UTC] PHP   1. {main}() /home/ubuntu/workspace/v0.3/api/getGroupSession.php:0
[24-Nov-2015 18:04:49 UTC] PHP   2. group_game_card_class->getCardFrontHTML() /home/ubuntu/workspace/v0.3/api/getGroupSession.php:24
[24-Nov-2015 18:04:49 UTC] PHP   3. game_card_class->getCardFrontHTML() /home/ubuntu/workspace/v0.3/api/ui/group_game_card_class.php:32
[24-Nov-2015 18:04:49 UTC] PHP   4. file_get_contents() /home/ubuntu/workspace/v0.3/api/ui/game_card_class.php:137
[24-Nov-2015 19:19:25 UTC] PHP Parse error:  syntax error, unexpected '}' in /home/ubuntu/workspace/v0.3/api/ui/group_class.php on line 125
[24-Nov-2015 19:19:25 UTC] PHP Stack trace:
[24-Nov-2015 19:19:25 UTC] PHP   1. {main}() /home/ubuntu/workspace/v0.3/api/getGroupSession.php:0
[24-Nov-2015 19:20:15 UTC] PHP Parse error:  syntax error, unexpected '}' in /home/ubuntu/workspace/v0.3/api/ui/group_class.php on line 125
[24-Nov-2015 19:20:15 UTC] PHP Stack trace:
[24-Nov-2015 19:20:15 UTC] PHP   1. {main}() /home/ubuntu/workspace/v0.3/api/getGroupSession.php:0
[24-Nov-2015 19:20:18 UTC] PHP Parse error:  syntax error, unexpected '}' in /home/ubuntu/workspace/v0.3/api/ui/group_class.php on line 125
[24-Nov-2015 19:20:18 UTC] PHP Stack trace:
[24-Nov-2015 19:20:18 UTC] PHP   1. {main}() /home/ubuntu/workspace/v0.3/api/getGroupSession.php:0
[24-Nov-2015 19:20:53 UTC] PHP Parse error:  syntax error, unexpected '}' in /home/ubuntu/workspace/v0.3/api/ui/group_class.php on line 125
[24-Nov-2015 19:20:53 UTC] PHP Stack trace:
[24-Nov-2015 19:20:53 UTC] PHP   1. {main}() /home/ubuntu/workspace/v0.3/api/getGroupSession.php:0
